<?xml version="1.0" encoding="UTF-8"?>
<!-- Generated by org.testng.reporters.JUnitReportReporter -->
<testsuite hostname="DESKTOP-L6DT7PI" failures="0" tests="2" name="TestProject.AppiumTest" time="0.003" errors="0" timestamp="2020-10-21T20:31:16 EDT" skipped="0">
  <testcase classname="TestProject.AppiumTest" name="Ios" time="0.003"/>
  <system-out/>
  <testcase classname="TestProject.AppiumTest" name="NativeAppAndroid" time="0.000"/>
  <system-out/>
</testsuite> <!-- TestProject.AppiumTest -->
