<?xml version="1.0" encoding="UTF-8"?>
<!-- Generated by org.testng.reporters.JUnitReportReporter -->
<testsuite hostname="DESKTOP-L6DT7PI" failures="0" tests="1" name="TestProject.AppTest" time="0.004" errors="0" timestamp="2020-10-21T20:31:17 EDT" skipped="0">
  <testcase classname="TestProject.AppTest" name="shouldAnswerWithTrue" time="0.004"/>
  <system-out/>
</testsuite> <!-- TestProject.AppTest -->
