<?xml version="1.0" encoding="UTF-8"?>
<!-- Generated by org.testng.reporters.JUnitReportReporter -->
<testsuite hostname="DESKTOP-L6DT7PI" failures="0" tests="1" name="TestProject.AppiumTest" time="0.007" errors="0" timestamp="2020-10-21T20:21:36 EDT" skipped="0">
  <testcase classname="TestProject.AppiumTest" name="NativeAppAndroid" time="0.007"/>
  <system-out/>
</testsuite> <!-- TestProject.AppiumTest -->
