<?xml version="1.0" encoding="UTF-8"?>
<!-- Generated by org.testng.reporters.JUnitReportReporter -->
<testsuite hostname="DESKTOP-L6DT7PI" failures="0" tests="2" name="TestProject.RestApiTest" time="0.000" errors="0" timestamp="2020-10-22T19:37:52 EDT" skipped="0">
  <testcase classname="TestProject.RestApiTest" name="postJira" time="0.000"/>
  <system-out/>
  <testcase classname="TestProject.RestApiTest" name="deleteTwitter" time="0.000"/>
  <system-out/>
</testsuite> <!-- TestProject.RestApiTest -->
